[2026-06-26 19:16:41.013] [info] Using configuration file /home/radeqq/.config/waybar/config.jsonc
[2026-06-26 19:16:41.017] [info] Unable to receive desktop appearance: GDBus.Error:org.freedesktop.portal.Error.NotFound: Requested setting not found
[2026-06-26 19:16:41.017] [info] Using CSS file /home/radeqq/.config/waybar/style.css
[2026-06-26 19:16:41.021] [info] Hyprland IPC starting
[2026-06-26 19:16:41.022] [info] Loading persistent workspaces from Hyprland workspace rules
[2026-06-26 19:16:41.026] [warning] module cava: Disabling module "cava", Unknown module
sh: line 1: /home/radeqq/.config/hypr/themes/Mocha-Power/nvidia.sh: No such file or directory
sh: line 1: /home/radeqq/.config/hypr/themes/Mocha-Power/headsetbattery.sh: No such file or directory
sh: line 1: /home/radeqq/.config/hypr/themes/Mocha-Power/timer.sh: No such file or directory
[2026-06-26 19:16:41.040] [error] timer stopped unexpectedly, is it endless?
sh: line 1: /home/radeqq/.config/hypr/themes/Mocha-Power/bat-pp.sh: No such file or directory
sh: line 1: wttrbar: command not found
sh: line 1: /home/radeqq/.config/hypr/themes/Mocha-Power/bat-pp.sh: No such file or directory
[2026-06-26 19:16:41.177] [info] Bar configured (width: 1916, height: 26) for output: eDP-1
[2026-06-26 19:16:41.177] [info] Bar configured (width: 1896, height: 30) for output: eDP-1
sh: line 1: /home/radeqq/.config/hypr/themes/Mocha-Power/nvidia.sh: No such file or directory
sh: line 1: /home/radeqq/.config/hypr/themes/Mocha-Power/bat-pp.sh: No such file or directory
sh: line 1: /home/radeqq/.config/hypr/themes/Mocha-Power/headsetbattery.sh: No such file or directory
sh: line 1: /home/radeqq/.config/hypr/themes/Mocha-Power/nvidia.sh: No such file or directory
sh: line 1: /home/radeqq/.config/hypr/themes/Mocha-Power/bat-pp.sh: No such file or directory
sh: line 1: /home/radeqq/.config/hypr/themes/Mocha-Power/bat-pp.sh: No such file or directory
[2026-06-26 19:16:52.178] [info] Using configuration file /home/radeqq/.config/waybar/config.jsonc
[2026-06-26 19:16:52.180] [info] Unable to receive desktop appearance: GDBus.Error:org.freedesktop.portal.Error.NotFound: Requested setting not found
[2026-06-26 19:16:52.181] [info] Using CSS file /home/radeqq/.config/waybar/style.css
[2026-06-26 19:16:52.185] [info] Hyprland IPC starting
[2026-06-26 19:16:52.186] [info] Loading persistent workspaces from Hyprland workspace rules
[2026-06-26 19:16:52.189] [warning] module cava: Disabling module "cava", Unknown module
sh: line 1: /home/radeqq/.config/hypr/themes/Mocha-Power/nvidia.sh: No such file or directory
sh: line 1: /home/radeqq/.config/hypr/themes/Mocha-Power/headsetbattery.sh: No such file or directory
sh: line 1: /home/radeqq/.config/hypr/themes/Mocha-Power/timer.sh: No such file or directory
[2026-06-26 19:16:52.204] [error] timer stopped unexpectedly, is it endless?
sh: line 1: /home/radeqq/.config/hypr/themes/Mocha-Power/bat-pp.sh: No such file or directory
sh: line 1: wttrbar: command not found
sh: line 1: /home/radeqq/.config/hypr/themes/Mocha-Power/bat-pp.sh: No such file or directory
[2026-06-26 19:16:52.341] [info] Bar configured (width: 1916, height: 26) for output: eDP-1
[2026-06-26 19:16:52.341] [info] Bar configured (width: 1896, height: 30) for output: eDP-1
sh: line 1: /home/radeqq/.config/hypr/themes/Mocha-Power/nvidia.sh: No such file or directory
sh: line 1: /home/radeqq/.config/hypr/themes/Mocha-Power/bat-pp.sh: No such file or directory
[2026-06-26 19:16:59.609] [info] Using configuration file /home/radeqq/.config/waybar/config.jsonc
[2026-06-26 19:16:59.612] [info] Unable to receive desktop appearance: GDBus.Error:org.freedesktop.portal.Error.NotFound: Requested setting not found
[2026-06-26 19:16:59.612] [info] Using CSS file /home/radeqq/.config/waybar/style.css
[2026-06-26 19:16:59.616] [info] Hyprland IPC starting
[2026-06-26 19:16:59.616] [info] Loading persistent workspaces from Hyprland workspace rules
[2026-06-26 19:16:59.621] [warning] module cava: Disabling module "cava", Unknown module
sh: line 1: /home/radeqq/.config/hypr/themes/Mocha-Power/nvidia.sh: No such file or directory
sh: line 1: /home/radeqq/.config/hypr/themes/Mocha-Power/headsetbattery.sh: No such file or directory
sh: line 1: /home/radeqq/.config/hypr/themes/Mocha-Power/timer.sh: No such file or directory
[2026-06-26 19:16:59.637] [error] timer stopped unexpectedly, is it endless?
sh: line 1: /home/radeqq/.config/hypr/themes/Mocha-Power/bat-pp.sh: No such file or directory
sh: line 1: wttrbar: command not found
sh: line 1: /home/radeqq/.config/hypr/themes/Mocha-Power/bat-pp.sh: No such file or directory
[2026-06-26 19:16:59.771] [info] Bar configured (width: 1916, height: 26) for output: eDP-1
[2026-06-26 19:16:59.771] [info] Bar configured (width: 1896, height: 30) for output: eDP-1
sh: line 1: /home/radeqq/.config/hypr/themes/Mocha-Power/nvidia.sh: No such file or directory
sh: line 1: /home/radeqq/.config/hypr/themes/Mocha-Power/bat-pp.sh: No such file or directory
sh: line 1: /home/radeqq/.config/hypr/themes/Mocha-Power/headsetbattery.sh: No such file or directory
sh: line 1: /home/radeqq/.config/hypr/themes/Mocha-Power/nvidia.sh: No such file or directory
sh: line 1: /home/radeqq/.config/hypr/themes/Mocha-Power/bat-pp.sh: No such file or directory
sh: line 1: /home/radeqq/.config/hypr/themes/Mocha-Power/bat-pp.sh: No such file or directory
sh: line 1: /home/radeqq/.config/hypr/themes/Mocha-Power/nvidia.sh: No such file or directory
sh: line 1: /home/radeqq/.config/hypr/themes/Mocha-Power/bat-pp.sh: No such file or directory
sh: line 1: /home/radeqq/.config/hypr/themes/Mocha-Power/headsetbattery.sh: No such file or directory
sh: line 1: /home/radeqq/.config/hypr/themes/Mocha-Power/nvidia.sh: No such file or directory
sh: line 1: /home/radeqq/.config/hypr/themes/Mocha-Power/bat-pp.sh: No such file or directory
sh: line 1: /home/radeqq/.config/hypr/themes/Mocha-Power/bat-pp.sh: No such file or directory
sh: line 1: /home/radeqq/.config/hypr/themes/Mocha-Power/nvidia.sh: No such file or directory
sh: line 1: /home/radeqq/.config/hypr/themes/Mocha-Power/bat-pp.sh: No such file or directory
sh: line 1: /home/radeqq/.config/hypr/themes/Mocha-Power/headsetbattery.sh: No such file or directory
sh: line 1: /home/radeqq/.config/hypr/themes/Mocha-Power/bat-pp.sh: No such file or directory
sh: line 1: /home/radeqq/.config/hypr/themes/Mocha-Power/nvidia.sh: No such file or directory
sh: line 1: /home/radeqq/.config/hypr/themes/Mocha-Power/bat-pp.sh: No such file or directory
sh: line 1: /home/radeqq/.config/hypr/themes/Mocha-Power/nvidia.sh: No such file or directory
sh: line 1: /home/radeqq/.config/hypr/themes/Mocha-Power/bat-pp.sh: No such file or directory
sh: line 1: /home/radeqq/.config/hypr/themes/Mocha-Power/headsetbattery.sh: No such file or directory
sh: line 1: /home/radeqq/.config/hypr/themes/Mocha-Power/bat-pp.sh: No such file or directory
sh: line 1: /home/radeqq/.config/hypr/themes/Mocha-Power/nvidia.sh: No such file or directory
sh: line 1: /home/radeqq/.config/hypr/themes/Mocha-Power/bat-pp.sh: No such file or directory
sh: line 1: /home/radeqq/.config/hypr/themes/Mocha-Power/nvidia.sh: No such file or directory
sh: line 1: /home/radeqq/.config/hypr/themes/Mocha-Power/bat-pp.sh: No such file or directory
sh: line 1: /home/radeqq/.config/hypr/themes/Mocha-Power/headsetbattery.sh: No such file or directory
sh: line 1: /home/radeqq/.config/hypr/themes/Mocha-Power/bat-pp.sh: No such file or directory
sh: line 1: /home/radeqq/.config/hypr/themes/Mocha-Power/nvidia.sh: No such file or directory
sh: line 1: /home/radeqq/.config/hypr/themes/Mocha-Power/bat-pp.sh: No such file or directory
sh: line 1: /home/radeqq/.config/hypr/themes/Mocha-Power/nvidia.sh: No such file or directory
sh: line 1: /home/radeqq/.config/hypr/themes/Mocha-Power/bat-pp.sh: No such file or directory
[2026-06-26 19:17:45.605] [warning] Requested height: 26 is less than the minimum height: 29 required by the modules
[2026-06-26 19:17:45.606] [info] Bar configured (width: 1916, height: 29) for output: eDP-1
sh: line 1: /home/radeqq/.config/hypr/themes/Mocha-Power/headsetbattery.sh: No such file or directory
sh: line 1: /home/radeqq/.config/hypr/themes/Mocha-Power/bat-pp.sh: No such file or directory
sh: line 1: /home/radeqq/.config/hypr/themes/Mocha-Power/nvidia.sh: No such file or directory
sh: line 1: /home/radeqq/.config/hypr/themes/Mocha-Power/bat-pp.sh: No such file or directory
[2026-06-26 19:17:51.609] [info] Bar configured (width: 1916, height: 26) for output: eDP-1
sh: line 1: /home/radeqq/.config/hypr/themes/Mocha-Power/nvidia.sh: No such file or directory
sh: line 1: /home/radeqq/.config/hypr/themes/Mocha-Power/bat-pp.sh: No such file or directory
sh: line 1: /home/radeqq/.config/hypr/themes/Mocha-Power/headsetbattery.sh: No such file or directory
sh: line 1: /home/radeqq/.config/hypr/themes/Mocha-Power/bat-pp.sh: No such file or directory
sh: line 1: /home/radeqq/.config/hypr/themes/Mocha-Power/nvidia.sh: No such file or directory
sh: line 1: /home/radeqq/.config/hypr/themes/Mocha-Power/bat-pp.sh: No such file or directory
sh: line 1: wttrbar: command not found
sh: line 1: /home/radeqq/.config/hypr/themes/Mocha-Power/nvidia.sh: No such file or directory
sh: line 1: /home/radeqq/.config/hypr/themes/Mocha-Power/bat-pp.sh: No such file or directory
sh: line 1: /home/radeqq/.config/hypr/themes/Mocha-Power/headsetbattery.sh: No such file or directory
sh: line 1: /home/radeqq/.config/hypr/themes/Mocha-Power/bat-pp.sh: No such file or directory
sh: line 1: /home/radeqq/.config/hypr/themes/Mocha-Power/nvidia.sh: No such file or directory
sh: line 1: /home/radeqq/.config/hypr/themes/Mocha-Power/bat-pp.sh: No such file or directory
sh: line 1: /home/radeqq/.config/hypr/themes/Mocha-Power/nvidia.sh: No such file or directory
sh: line 1: /home/radeqq/.config/hypr/themes/Mocha-Power/bat-pp.sh: No such file or directory
